<?xml version="1.0" encoding="UTF-8"?>
<testng-results skipped="0" failed="0" ignored="0" total="1" passed="1">
  <reporter-output>
  </reporter-output>
  <suite name="Default suite" duration-ms="29620" started-at="2020-01-24T20:13:27Z" finished-at="2020-01-24T20:13:57Z">
    <groups>
    </groups>
    <test name="Default test" duration-ms="29620" started-at="2020-01-24T20:13:27Z" finished-at="2020-01-24T20:13:57Z">
      <class name="Testing.TestRunner">
        <test-method status="PASS" signature="goToDressPage()[pri:0, instance:Testing.TestRunner@6d4b1c02]" name="goToDressPage" duration-ms="29597" started-at="2020-01-24T20:13:27Z" finished-at="2020-01-24T20:13:57Z">
          <reporter-output>
          </reporter-output>
        </test-method> <!-- goToDressPage -->
      </class> <!-- Testing.TestRunner -->
    </test> <!-- Default test -->
  </suite> <!-- Default suite -->
</testng-results>
